d:\documents\aie\computer_graphics\openglframework\openglframework\debug\vc141.pdb
d:\documents\aie\computer_graphics\openglframework\openglframework\debug\vc141.idb
d:\documents\aie\computer_graphics\openglframework\openglframework\debug\gizmos.obj
d:\documents\aie\computer_graphics\openglframework\openglframework\debug\application.obj
d:\documents\aie\computer_graphics\openglframework\openglframework\debug\camera.obj
d:\documents\aie\computer_graphics\openglframework\openglframework\debug\iapplication.obj
d:\documents\aie\computer_graphics\openglframework\openglframework\debug\main.obj
d:\documents\aie\computer_graphics\openglframework\openglframework\debug\myapplication.obj
d:\documents\aie\computer_graphics\openglframework\openglframework\debug\shaderinator.obj
d:\documents\aie\computer_graphics\openglframework\openglframework\debug\tiny_obj_loader.obj
d:\documents\aie\computer_graphics\openglframework\openglframework\debug\gl_core_4_4.obj
d:\documents\aie\computer_graphics\openglframework\openglframework\debug\objectinator.obj
d:\documents\aie\computer_graphics\openglframework\debug\openglframework.exe
d:\documents\aie\computer_graphics\openglframework\debug\openglframework.ilk
d:\documents\aie\computer_graphics\openglframework\debug\openglframework.pdb
d:\documents\aie\computer_graphics\openglframework\openglframework\debug\myapplication.new.obj.enc
d:\documents\aie\computer_graphics\openglframework\openglframework\debug\shaderinator.new.obj.enc
d:\documents\aie\computer_graphics\openglframework\openglframework\debug\openglframework.tlog\cl.command.1.tlog
d:\documents\aie\computer_graphics\openglframework\openglframework\debug\openglframework.tlog\cl.read.1.tlog
d:\documents\aie\computer_graphics\openglframework\openglframework\debug\openglframework.tlog\cl.write.1.tlog
d:\documents\aie\computer_graphics\openglframework\openglframework\debug\openglframework.tlog\link.command.1.tlog
d:\documents\aie\computer_graphics\openglframework\openglframework\debug\openglframework.tlog\link.read.1.tlog
d:\documents\aie\computer_graphics\openglframework\openglframework\debug\openglframework.tlog\link.write.1.tlog
